2026-02-22 08:26:05,782 - __main__ - INFO - Server ishga tushmoqda: 0.0.0.0:8000
2026-02-22 08:31:02,353 - __main__ - INFO - Server ishga tushmoqda: 0.0.0.0:8000
2026-02-22 08:42:28,224 - __main__ - INFO - Server ishga tushmoqda: 0.0.0.0:8000
2026-02-22 08:48:50,184 - __main__ - INFO - Server ishga tushmoqda: http://0.0.0.0:8000
2026-02-22 08:48:50,184 - __main__ - INFO - API_ID: 33223639
2026-02-22 08:48:50,185 - __main__ - INFO - Admin ID: 1263747123
2026-02-22 08:48:50,952 - watchfiles.main - INFO - 3 changes detected
2026-02-22 08:48:51,303 - watchfiles.main - INFO - 1 change detected
2026-02-22 08:48:51,653 - watchfiles.main - INFO - 1 change detected
2026-02-22 08:48:52,004 - watchfiles.main - INFO - 1 change detected
2026-02-22 08:48:52,355 - watchfiles.main - INFO - 1 change detected
2026-02-22 08:48:52,705 - watchfiles.main - INFO - 1 change detected
2026-02-22 08:48:53,056 - watchfiles.main - INFO - 1 change detected
2026-02-22 08:48:53,407 - watchfiles.main - INFO - 1 change detected
2026-02-22 08:48:53,758 - watchfiles.main - INFO - 1 change detected
2026-02-22 08:48:54,109 - watchfiles.main - INFO - 1 change detected
2026-02-22 08:48:54,459 - watchfiles.main - INFO - 1 change detected
2026-02-22 08:48:54,810 - watchfiles.main - INFO - 1 change detected
2026-02-22 08:48:55,161 - watchfiles.main - INFO - 1 change detected
2026-02-22 08:48:55,511 - watchfiles.main - INFO - 1 change detected
2026-02-22 08:48:55,862 - watchfiles.main - INFO - 1 change detected
2026-02-22 08:48:56,213 - watchfiles.main - INFO - 1 change detected
2026-02-22 08:48:56,563 - watchfiles.main - INFO - 1 change detected
2026-02-22 08:48:56,914 - watchfiles.main - INFO - 1 change detected
2026-02-22 08:48:57,265 - watchfiles.main - INFO - 1 change detected
2026-02-22 08:48:57,615 - watchfiles.main - INFO - 1 change detected
2026-02-22 08:48:57,966 - watchfiles.main - INFO - 1 change detected
2026-02-22 08:48:58,317 - watchfiles.main - INFO - 1 change detected
2026-02-22 08:48:58,668 - watchfiles.main - INFO - 1 change detected
2026-02-22 08:48:59,018 - watchfiles.main - INFO - 1 change detected
2026-02-22 08:48:59,370 - watchfiles.main - INFO - 1 change detected
2026-02-22 08:48:59,721 - watchfiles.main - INFO - 1 change detected
2026-02-22 08:49:00,072 - watchfiles.main - INFO - 1 change detected
2026-02-22 08:49:00,423 - watchfiles.main - INFO - 1 change detected
2026-02-22 08:49:00,773 - watchfiles.main - INFO - 1 change detected
2026-02-22 08:49:01,124 - watchfiles.main - INFO - 1 change detected
2026-02-22 08:49:01,475 - watchfiles.main - INFO - 1 change detected
2026-02-22 08:49:01,826 - watchfiles.main - INFO - 1 change detected
2026-02-22 08:49:02,177 - watchfiles.main - INFO - 1 change detected
2026-02-22 08:49:02,527 - watchfiles.main - INFO - 1 change detected
2026-02-22 08:49:02,878 - watchfiles.main - INFO - 1 change detected
2026-02-22 08:49:03,229 - watchfiles.main - INFO - 1 change detected
2026-02-22 08:49:03,580 - watchfiles.main - INFO - 1 change detected
2026-02-22 08:49:03,931 - watchfiles.main - INFO - 1 change detected
2026-02-22 08:49:04,281 - watchfiles.main - INFO - 1 change detected
2026-02-22 08:49:04,632 - watchfiles.main - INFO - 1 change detected
2026-02-22 08:49:04,983 - watchfiles.main - INFO - 1 change detected
2026-02-22 08:49:05,334 - watchfiles.main - INFO - 1 change detected
2026-02-22 08:49:05,684 - watchfiles.main - INFO - 1 change detected
2026-02-22 08:49:06,035 - watchfiles.main - INFO - 1 change detected
2026-02-22 08:49:06,386 - watchfiles.main - INFO - 1 change detected
2026-02-22 08:49:06,736 - watchfiles.main - INFO - 1 change detected
2026-02-22 08:49:07,087 - watchfiles.main - INFO - 1 change detected
2026-02-22 08:49:07,438 - watchfiles.main - INFO - 1 change detected
2026-02-22 08:49:07,789 - watchfiles.main - INFO - 1 change detected
2026-02-22 08:49:08,139 - watchfiles.main - INFO - 1 change detected
2026-02-22 08:49:08,490 - watchfiles.main - INFO - 1 change detected
2026-02-22 08:49:08,841 - watchfiles.main - INFO - 1 change detected
2026-02-22 08:49:09,192 - watchfiles.main - INFO - 1 change detected
2026-02-22 08:49:09,542 - watchfiles.main - INFO - 1 change detected
2026-02-22 08:49:09,893 - watchfiles.main - INFO - 1 change detected
2026-02-22 08:49:10,244 - watchfiles.main - INFO - 1 change detected
2026-02-22 08:49:10,594 - watchfiles.main - INFO - 1 change detected
2026-02-22 08:49:10,945 - watchfiles.main - INFO - 1 change detected
2026-02-22 08:49:11,296 - watchfiles.main - INFO - 1 change detected
2026-02-22 08:49:11,647 - watchfiles.main - INFO - 1 change detected
2026-02-22 08:49:11,998 - watchfiles.main - INFO - 1 change detected
2026-02-22 08:49:12,348 - watchfiles.main - INFO - 1 change detected
2026-02-22 08:49:12,699 - watchfiles.main - INFO - 1 change detected
2026-02-22 08:49:13,050 - watchfiles.main - INFO - 1 change detected
2026-02-22 08:49:13,401 - watchfiles.main - INFO - 1 change detected
2026-02-22 08:49:13,751 - watchfiles.main - INFO - 1 change detected
2026-02-22 08:49:14,102 - watchfiles.main - INFO - 1 change detected
2026-02-22 08:49:14,453 - watchfiles.main - INFO - 1 change detected
2026-02-22 08:49:14,803 - watchfiles.main - INFO - 1 change detected
2026-02-22 08:49:15,154 - watchfiles.main - INFO - 1 change detected
2026-02-22 08:49:15,505 - watchfiles.main - INFO - 1 change detected
2026-02-22 08:49:15,856 - watchfiles.main - INFO - 1 change detected
2026-02-22 08:49:16,206 - watchfiles.main - INFO - 1 change detected
2026-02-22 08:49:16,557 - watchfiles.main - INFO - 1 change detected
2026-02-22 08:49:16,908 - watchfiles.main - INFO - 1 change detected
2026-02-22 08:49:17,258 - watchfiles.main - INFO - 1 change detected
2026-02-22 08:49:17,609 - watchfiles.main - INFO - 1 change detected
2026-02-22 08:49:17,960 - watchfiles.main - INFO - 1 change detected
2026-02-22 08:49:18,310 - watchfiles.main - INFO - 1 change detected
2026-02-22 08:49:18,661 - watchfiles.main - INFO - 1 change detected
2026-02-22 08:49:19,012 - watchfiles.main - INFO - 1 change detected
2026-02-22 08:49:19,363 - watchfiles.main - INFO - 1 change detected
2026-02-22 08:49:19,714 - watchfiles.main - INFO - 1 change detected
2026-02-22 08:49:20,064 - watchfiles.main - INFO - 1 change detected
2026-02-22 08:49:20,415 - watchfiles.main - INFO - 1 change detected
2026-02-22 08:49:20,767 - watchfiles.main - INFO - 1 change detected
2026-02-22 08:49:21,118 - watchfiles.main - INFO - 1 change detected
2026-02-22 08:49:21,469 - watchfiles.main - INFO - 1 change detected
2026-02-22 08:49:21,820 - watchfiles.main - INFO - 1 change detected
2026-02-22 08:49:22,171 - watchfiles.main - INFO - 1 change detected
2026-02-22 08:49:22,521 - watchfiles.main - INFO - 1 change detected
2026-02-22 08:49:22,872 - watchfiles.main - INFO - 1 change detected
2026-02-22 08:49:23,224 - watchfiles.main - INFO - 1 change detected
2026-02-22 08:49:23,574 - watchfiles.main - INFO - 1 change detected
2026-02-22 08:49:23,925 - watchfiles.main - INFO - 1 change detected
2026-02-22 08:49:24,276 - watchfiles.main - INFO - 1 change detected
2026-02-22 08:49:24,627 - watchfiles.main - INFO - 1 change detected
2026-02-22 08:49:24,977 - watchfiles.main - INFO - 1 change detected
2026-02-22 08:49:25,328 - watchfiles.main - INFO - 1 change detected
2026-02-22 08:49:25,679 - watchfiles.main - INFO - 1 change detected
2026-02-22 08:49:26,030 - watchfiles.main - INFO - 1 change detected
2026-02-22 08:49:26,380 - watchfiles.main - INFO - 1 change detected
2026-02-22 08:49:26,731 - watchfiles.main - INFO - 1 change detected
2026-02-22 08:49:27,082 - watchfiles.main - INFO - 1 change detected
2026-02-22 08:49:27,433 - watchfiles.main - INFO - 1 change detected
2026-02-22 08:49:27,783 - watchfiles.main - INFO - 1 change detected
2026-02-22 08:49:28,134 - watchfiles.main - INFO - 1 change detected
2026-02-22 08:49:28,485 - watchfiles.main - INFO - 1 change detected
2026-02-22 08:49:28,836 - watchfiles.main - INFO - 1 change detected
2026-02-22 08:49:29,186 - watchfiles.main - INFO - 1 change detected
2026-02-22 08:49:29,537 - watchfiles.main - INFO - 1 change detected
2026-02-22 08:49:29,888 - watchfiles.main - INFO - 1 change detected
2026-02-22 08:49:30,238 - watchfiles.main - INFO - 1 change detected
2026-02-22 08:49:30,589 - watchfiles.main - INFO - 1 change detected
2026-02-22 08:49:30,941 - watchfiles.main - INFO - 1 change detected
2026-02-22 08:49:31,291 - watchfiles.main - INFO - 1 change detected
2026-02-22 08:49:31,642 - watchfiles.main - INFO - 1 change detected
2026-02-22 08:49:31,993 - watchfiles.main - INFO - 1 change detected
2026-02-22 08:49:32,343 - watchfiles.main - INFO - 1 change detected
2026-02-22 08:49:32,694 - watchfiles.main - INFO - 1 change detected
2026-02-22 08:49:33,045 - watchfiles.main - INFO - 1 change detected
2026-02-22 08:49:33,396 - watchfiles.main - INFO - 1 change detected
2026-02-22 08:49:33,747 - watchfiles.main - INFO - 1 change detected
2026-02-22 08:49:34,098 - watchfiles.main - INFO - 1 change detected
2026-02-22 08:49:34,448 - watchfiles.main - INFO - 1 change detected
2026-02-22 08:49:34,799 - watchfiles.main - INFO - 1 change detected
2026-02-22 08:49:35,150 - watchfiles.main - INFO - 1 change detected
2026-02-22 08:49:35,501 - watchfiles.main - INFO - 1 change detected
2026-02-22 08:49:35,852 - watchfiles.main - INFO - 1 change detected
2026-02-22 08:49:36,202 - watchfiles.main - INFO - 1 change detected
2026-02-22 08:49:36,553 - watchfiles.main - INFO - 1 change detected
2026-02-22 08:49:36,904 - watchfiles.main - INFO - 1 change detected
2026-02-22 08:49:37,254 - watchfiles.main - INFO - 1 change detected
2026-02-22 08:49:37,605 - watchfiles.main - INFO - 1 change detected
2026-02-22 08:49:37,956 - watchfiles.main - INFO - 1 change detected
2026-02-22 08:49:38,307 - watchfiles.main - INFO - 1 change detected
2026-02-22 08:49:38,657 - watchfiles.main - INFO - 1 change detected
2026-02-22 08:49:39,008 - watchfiles.main - INFO - 1 change detected
2026-02-22 08:49:39,359 - watchfiles.main - INFO - 1 change detected
2026-02-22 08:49:39,709 - watchfiles.main - INFO - 1 change detected
2026-02-22 08:49:40,060 - watchfiles.main - INFO - 1 change detected
2026-02-22 08:49:40,411 - watchfiles.main - INFO - 1 change detected
2026-02-22 08:49:40,761 - watchfiles.main - INFO - 1 change detected
2026-02-22 08:49:41,114 - watchfiles.main - INFO - 1 change detected
2026-02-22 08:49:41,464 - watchfiles.main - INFO - 1 change detected
2026-02-22 08:49:41,815 - watchfiles.main - INFO - 1 change detected
2026-02-22 08:49:42,166 - watchfiles.main - INFO - 1 change detected
2026-02-22 08:49:42,517 - watchfiles.main - INFO - 1 change detected
2026-02-22 08:49:42,867 - watchfiles.main - INFO - 1 change detected
2026-02-22 08:49:43,218 - watchfiles.main - INFO - 1 change detected
2026-02-22 08:49:43,569 - watchfiles.main - INFO - 1 change detected
2026-02-22 08:49:43,920 - watchfiles.main - INFO - 1 change detected
2026-02-22 08:49:44,271 - watchfiles.main - INFO - 1 change detected
2026-02-22 08:49:44,622 - watchfiles.main - INFO - 1 change detected
2026-02-22 08:49:44,972 - watchfiles.main - INFO - 1 change detected
2026-02-22 08:49:45,323 - watchfiles.main - INFO - 1 change detected
2026-02-22 08:49:45,674 - watchfiles.main - INFO - 1 change detected
2026-02-22 08:49:46,025 - watchfiles.main - INFO - 1 change detected
2026-02-22 08:49:46,376 - watchfiles.main - INFO - 1 change detected
2026-02-22 08:49:46,729 - watchfiles.main - INFO - 1 change detected
2026-02-22 08:49:47,079 - watchfiles.main - INFO - 1 change detected
2026-02-22 08:49:47,430 - watchfiles.main - INFO - 1 change detected
2026-02-22 08:49:47,781 - watchfiles.main - INFO - 1 change detected
2026-02-22 08:49:48,131 - watchfiles.main - INFO - 1 change detected
2026-02-22 08:49:48,482 - watchfiles.main - INFO - 1 change detected
2026-02-22 08:49:48,833 - watchfiles.main - INFO - 1 change detected
2026-02-22 08:49:49,184 - watchfiles.main - INFO - 1 change detected
2026-02-22 08:49:49,535 - watchfiles.main - INFO - 1 change detected
2026-02-22 08:49:49,885 - watchfiles.main - INFO - 1 change detected
2026-02-22 08:49:50,236 - watchfiles.main - INFO - 1 change detected
2026-02-22 08:49:50,587 - watchfiles.main - INFO - 1 change detected
2026-02-22 08:49:50,937 - watchfiles.main - INFO - 1 change detected
2026-02-22 08:49:51,288 - watchfiles.main - INFO - 1 change detected
2026-02-22 08:49:51,639 - watchfiles.main - INFO - 1 change detected
2026-02-22 08:49:51,990 - watchfiles.main - INFO - 1 change detected
2026-02-22 08:49:52,341 - watchfiles.main - INFO - 1 change detected
2026-02-22 08:49:52,692 - watchfiles.main - INFO - 1 change detected
2026-02-22 08:49:53,043 - watchfiles.main - INFO - 1 change detected
2026-02-22 08:49:53,393 - watchfiles.main - INFO - 1 change detected
2026-02-22 08:49:53,744 - watchfiles.main - INFO - 1 change detected
2026-02-22 08:49:54,095 - watchfiles.main - INFO - 1 change detected
2026-02-22 08:49:54,445 - watchfiles.main - INFO - 1 change detected
2026-02-22 08:49:54,796 - watchfiles.main - INFO - 1 change detected
2026-02-22 08:49:55,147 - watchfiles.main - INFO - 1 change detected
2026-02-22 08:49:55,499 - watchfiles.main - INFO - 1 change detected
2026-02-22 08:49:55,849 - watchfiles.main - INFO - 1 change detected
2026-02-22 08:49:56,200 - watchfiles.main - INFO - 1 change detected
2026-02-22 08:49:56,551 - watchfiles.main - INFO - 1 change detected
2026-02-22 08:49:56,901 - watchfiles.main - INFO - 1 change detected
2026-02-22 08:49:57,252 - watchfiles.main - INFO - 1 change detected
2026-02-22 08:49:57,604 - watchfiles.main - INFO - 1 change detected
2026-02-22 08:49:57,954 - watchfiles.main - INFO - 1 change detected
2026-02-22 08:49:58,305 - watchfiles.main - INFO - 1 change detected
2026-02-22 08:49:58,656 - watchfiles.main - INFO - 1 change detected
2026-02-22 08:49:59,007 - watchfiles.main - INFO - 1 change detected
2026-02-22 08:49:59,358 - watchfiles.main - INFO - 1 change detected
2026-02-22 08:49:59,709 - watchfiles.main - INFO - 1 change detected
2026-02-22 08:50:00,060 - watchfiles.main - INFO - 1 change detected
2026-02-22 08:50:00,410 - watchfiles.main - INFO - 1 change detected
2026-02-22 08:50:00,761 - watchfiles.main - INFO - 1 change detected
2026-02-22 08:50:01,112 - watchfiles.main - INFO - 1 change detected
2026-02-22 08:50:01,463 - watchfiles.main - INFO - 1 change detected
2026-02-22 08:50:01,814 - watchfiles.main - INFO - 1 change detected
2026-02-22 08:50:02,164 - watchfiles.main - INFO - 1 change detected
2026-02-22 08:50:02,515 - watchfiles.main - INFO - 1 change detected
2026-02-22 08:50:02,866 - watchfiles.main - INFO - 1 change detected
2026-02-22 08:50:03,216 - watchfiles.main - INFO - 1 change detected
2026-02-22 08:50:03,567 - watchfiles.main - INFO - 1 change detected
2026-02-22 08:50:03,918 - watchfiles.main - INFO - 1 change detected
2026-02-22 08:50:04,269 - watchfiles.main - INFO - 1 change detected
2026-02-22 08:50:04,619 - watchfiles.main - INFO - 1 change detected
2026-02-22 08:50:04,970 - watchfiles.main - INFO - 1 change detected
2026-02-22 08:50:05,321 - watchfiles.main - INFO - 1 change detected
2026-02-22 08:50:05,671 - watchfiles.main - INFO - 1 change detected
2026-02-22 08:50:06,022 - watchfiles.main - INFO - 1 change detected
2026-02-22 08:50:06,373 - watchfiles.main - INFO - 1 change detected
2026-02-22 08:50:06,724 - watchfiles.main - INFO - 1 change detected
2026-02-22 08:50:07,075 - watchfiles.main - INFO - 1 change detected
2026-02-22 08:50:07,425 - watchfiles.main - INFO - 1 change detected
2026-02-22 08:50:07,776 - watchfiles.main - INFO - 1 change detected
2026-02-22 08:50:08,127 - watchfiles.main - INFO - 1 change detected
2026-02-22 08:50:08,477 - watchfiles.main - INFO - 1 change detected
2026-02-22 08:50:08,828 - watchfiles.main - INFO - 1 change detected
2026-02-22 08:50:09,179 - watchfiles.main - INFO - 1 change detected
2026-02-22 08:50:09,529 - watchfiles.main - INFO - 1 change detected
2026-02-22 08:50:09,881 - watchfiles.main - INFO - 1 change detected
2026-02-22 08:50:10,231 - watchfiles.main - INFO - 1 change detected
2026-02-22 08:50:10,582 - watchfiles.main - INFO - 1 change detected
2026-02-22 08:50:10,933 - watchfiles.main - INFO - 1 change detected
2026-02-22 08:50:11,283 - watchfiles.main - INFO - 1 change detected
2026-02-22 08:50:11,634 - watchfiles.main - INFO - 1 change detected
2026-02-22 08:50:11,985 - watchfiles.main - INFO - 1 change detected
2026-02-22 08:50:12,336 - watchfiles.main - INFO - 1 change detected
2026-02-22 08:50:12,687 - watchfiles.main - INFO - 1 change detected
2026-02-22 08:50:13,038 - watchfiles.main - INFO - 1 change detected
2026-02-22 08:50:13,388 - watchfiles.main - INFO - 1 change detected
2026-02-22 08:50:13,739 - watchfiles.main - INFO - 1 change detected
2026-02-22 08:50:14,091 - watchfiles.main - INFO - 1 change detected
2026-02-22 08:50:14,441 - watchfiles.main - INFO - 1 change detected
2026-02-22 08:50:14,792 - watchfiles.main - INFO - 1 change detected
2026-02-22 08:50:15,143 - watchfiles.main - INFO - 1 change detected
2026-02-22 08:50:15,493 - watchfiles.main - INFO - 1 change detected
2026-02-22 08:50:15,844 - watchfiles.main - INFO - 1 change detected
2026-02-22 08:50:16,195 - watchfiles.main - INFO - 1 change detected
2026-02-22 08:50:16,546 - watchfiles.main - INFO - 1 change detected
2026-02-22 08:50:16,896 - watchfiles.main - INFO - 1 change detected
2026-02-22 08:50:17,247 - watchfiles.main - INFO - 1 change detected
2026-02-22 08:50:17,598 - watchfiles.main - INFO - 1 change detected
2026-02-22 08:50:17,949 - watchfiles.main - INFO - 1 change detected
2026-02-22 08:50:18,300 - watchfiles.main - INFO - 1 change detected
2026-02-22 08:50:18,651 - watchfiles.main - INFO - 1 change detected
2026-02-22 08:50:19,001 - watchfiles.main - INFO - 1 change detected
2026-02-22 08:50:19,352 - watchfiles.main - INFO - 1 change detected
2026-02-22 08:50:19,703 - watchfiles.main - INFO - 1 change detected
2026-02-22 08:50:20,054 - watchfiles.main - INFO - 1 change detected
2026-02-22 08:50:20,404 - watchfiles.main - INFO - 1 change detected
2026-02-22 08:50:20,755 - watchfiles.main - INFO - 1 change detected
2026-02-22 08:50:21,106 - watchfiles.main - INFO - 1 change detected
2026-02-22 08:50:21,457 - watchfiles.main - INFO - 1 change detected
2026-02-22 08:50:21,808 - watchfiles.main - INFO - 1 change detected
2026-02-22 08:50:22,158 - watchfiles.main - INFO - 1 change detected
2026-02-22 08:50:22,509 - watchfiles.main - INFO - 1 change detected
2026-02-22 08:50:22,861 - watchfiles.main - INFO - 1 change detected
2026-02-22 08:50:23,212 - watchfiles.main - INFO - 1 change detected
2026-02-22 08:50:23,562 - watchfiles.main - INFO - 1 change detected
2026-02-22 08:50:23,913 - watchfiles.main - INFO - 1 change detected
2026-02-22 08:50:24,264 - watchfiles.main - INFO - 2 changes detected
2026-02-22 08:50:24,813 - watchfiles.main - INFO - 1 change detected
2026-02-22 08:51:29,080 - __main__ - INFO - Server ishga tushmoqda: http://0.0.0.0:8000
2026-02-22 08:51:29,081 - __main__ - INFO - API_ID: 33223639
2026-02-22 08:51:29,081 - __main__ - INFO - Admin ID: 1263747123
2026-02-22 08:54:29,364 - __main__ - INFO - ============================================================
2026-02-22 08:54:29,364 - __main__ - INFO - 🚀 Telegram Premium Server ishga tushmoqda
2026-02-22 08:54:29,364 - __main__ - INFO - ============================================================
2026-02-22 08:54:29,365 - __main__ - INFO - 📡 Server: http://0.0.0.0:8000
2026-02-22 08:54:29,365 - __main__ - INFO - 🔑 API_ID: 33223639
2026-02-22 08:54:29,365 - __main__ - INFO - 👤 Admin ID: 1263747123
2026-02-22 08:54:29,365 - __main__ - INFO - 🤖 Bot token: ✅ Mavjud
2026-02-22 08:54:29,365 - __main__ - INFO - ============================================================
2026-02-22 08:54:29,397 - main - INFO - 🚀 Server ishga tushdi
2026-02-22 08:55:43,688 - __main__ - INFO - ============================================================
2026-02-22 08:55:43,689 - __main__ - INFO - 🚀 Telegram Premium Server ishga tushmoqda
2026-02-22 08:55:43,689 - __main__ - INFO - ============================================================
2026-02-22 08:55:43,689 - __main__ - INFO - 📡 Server: http://0.0.0.0:8000
2026-02-22 08:55:43,689 - __main__ - INFO - 🔑 API_ID: 33223639
2026-02-22 08:55:43,690 - __main__ - INFO - 👤 Admin ID: 1263747123
2026-02-22 08:55:43,690 - __main__ - INFO - 🤖 Bot token: ✅ Mavjud
2026-02-22 08:55:43,690 - __main__ - INFO - ============================================================
2026-02-22 08:55:43,721 - main - INFO - 🚀 Server ishga tushdi
2026-02-22 08:55:57,567 - main - INFO - 📞 Kod so'rovi: +998973787075
2026-02-22 08:55:57,568 - telethon.network.mtprotosender - INFO - Connecting to 149.154.167.51:443/TcpFull...
2026-02-22 08:55:59,859 - telethon.network.mtprotosender - INFO - Connection to 149.154.167.51:443/TcpFull complete!
2026-02-22 08:56:00,378 - main - INFO - Kod yuborilmoqda: +998973787075
2026-02-22 08:56:00,622 - main - INFO - ✅ Kod yuborildi: +998973787075, hash: 5f0fc6cf3211d46421
2026-02-22 08:56:13,914 - main - INFO - 🔑 Tekshirish: +998973787075
2026-02-22 08:56:13,915 - main - INFO - 🔢 Kod tekshirilmoqda: +998973787075, kod: 54874
2026-02-22 08:56:14,268 - main - WARNING - ⚠️ Noto'g'ri kod: +998973787075
2026-02-22 09:05:43,721 - telethon.network.mtprotosender - INFO - Disconnecting from 149.154.167.51:443/TcpFull...
2026-02-22 09:05:43,722 - telethon.network.mtprotosender - INFO - Disconnection from 149.154.167.51:443/TcpFull complete!
2026-02-22 09:05:43,722 - main - INFO - 🧹 Cleanup: eski sessiya tozalandi: +998973787075
